#
# A fatal error has been detected by the Java Runtime Environment:
#
#  EXCEPTION_ACCESS_VIOLATION (0xc0000005) at pc=0x000000005331fb7d, pid=3632, tid=2840
#
# JRE version: Java(TM) SE Runtime Environment (7.0_45-b18) (build 1.7.0_45-b18)
# Java VM: Java HotSpot(TM) 64-Bit Server VM (24.45-b08 mixed mode windows-amd64 compressed oops)
# Problematic frame:
# C  [atio6axx.dll+0xb2fb7d]
#
# Failed to write core dump. Minidumps are not enabled by default on client versions of Windows
#
# If you would like to submit a bug report, please visit:
#   http://bugreport.sun.com/bugreport/crash.jsp
# The crash happened outside the Java Virtual Machine in native code.
# See problematic frame for where to report the bug.
#

---------------  T H R E A D  ---------------

Current thread (0x0000000001f7d800):  JavaThread "main" [_thread_in_native, id=2840, stack(0x0000000001db0000,0x0000000001eb0000)]

siginfo: ExceptionCode=0xc0000005, writing address 0x00000004171fa010

Registers:
RAX=0x0000000000000000, RBX=0x000000000f338c50, RCX=0x00000000fffe0000, RDX=0x00000004171fa010
RSP=0x0000000001eaecf0, RBP=0x0000000000000001, RSI=0x000000000f111860, RDI=0x0000000000000000
R8 =0x0000000019094040, R9 =0x000000000f4eb5b0, R10=0x0000000000008001, R11=0x0000000000000246
R12=0xffffffffffffff00, R13=0x000000000d865280, R14=0x000000000f111860, R15=0x0000000000000000
RIP=0x000000005331fb7d, EFLAGS=0x0000000000010202

Top of Stack: (sp=0x0000000001eaecf0)
0x0000000001eaecf0:   0000000000000000 000000000f338c50
0x0000000001eaed00:   000000000f111860 0000000053bb7297
0x0000000001eaed10:   000000000f393340 000000000f2a3400
0x0000000001eaed20:   0000000000780000 000000001cb24040
0x0000000001eaed30:   0000000000010000 0000000053bb7297
0x0000000001eaed40:   0000000000780000 000000000f2a34f0
0x0000000001eaed50:   000000000f4eb5e8 0000000053fcd0e8
0x0000000001eaed60:   0000000000000000 fffffffff18cabe0
0x0000000001eaed70:   ffffffffffffffff 0000000000010000
0x0000000001eaed80:   000000000f338c50 00000000533206bb
0x0000000001eaed90:   0000000000000000 0000000000000000
0x0000000001eaeda0:   000000000f338c50 0000000000000000
0x0000000001eaedb0:   0000000000c3cd8f 000000001cb24040
0x0000000001eaedc0:   000000001cb24040 000000001d760dcf
0x0000000001eaedd0:   0000000400000004 00007ff87280dfb0
0x0000000001eaede0:   0000000000000010 00000000105e42f8 

Instructions: (pc=0x000000005331fb7d)
0x000000005331fb5d:   11 49 8b 41 58 8d 0c 95 00 00 00 00 48 8d 14 88
0x000000005331fb6d:   eb 08 48 c1 e2 04 49 03 51 08 41 8b 00 41 ff c2
0x000000005331fb7d:   89 02 41 8b 40 04 89 42 04 41 8b 40 08 89 42 08
0x000000005331fb8d:   41 8b 40 0c 89 42 0c 48 8b 43 38 44 3b 90 c8 01 


Register to memory mapping:

RAX=0x0000000000000000 is an unknown value
RBX=0x000000000f338c50 is an unknown value
RCX=0x00000000fffe0000 is an unknown value
RDX=0x00000004171fa010 is an unknown value
RSP=0x0000000001eaecf0 is pointing into the stack for thread: 0x0000000001f7d800
RBP=0x0000000000000001 is an unknown value
RSI=0x000000000f111860 is an unknown value
RDI=0x0000000000000000 is an unknown value
R8 =0x0000000019094040 is an unknown value
R9 =0x000000000f4eb5b0 is an unknown value
R10=0x0000000000008001 is an unknown value
R11=0x0000000000000246 is an unknown value
R12=0xffffffffffffff00 is an unknown value
R13=0x000000000d865280 is an unknown value
R14=0x000000000f111860 is an unknown value
R15=0x0000000000000000 is an unknown value


Stack: [0x0000000001db0000,0x0000000001eb0000],  sp=0x0000000001eaecf0,  free space=1019k
Native frames: (J=compiled Java code, j=interpreted, Vv=VM code, C=native code)
C  [atio6axx.dll+0xb2fb7d]

Java frames: (J=compiled Java code, j=interpreted, Vv=VM code)
j  org.lwjgl.opengl.GL20.nglValidateProgram(IJ)V+0
j  org.lwjgl.opengl.GL20.glValidateProgram(I)V+15
j  de.gemo.game.fov.units.Shader.recompileShaderProgramm()V+74
j  de.gemo.game.fov.units.Shader.loadPixelShader(Ljava/lang/String;)V+27
j  de.gemo.game.terrain.core.TerrainCore.createManager()V+17
j  de.gemo.gameengine.core.GameEngine.initEngine()V+34
j  de.gemo.gameengine.core.GameEngine.startUp()V+13
j  de.gemo.gameengine.core.StartUp.<init>(Lde/gemo/gameengine/core/GameEngine;)V+17
j  de.gemo.gameengine.core.StartUp.main([Ljava/lang/String;)V+25
v  ~StubRoutines::call_stub

---------------  P R O C E S S  ---------------

Java Threads: ( => current thread )
  0x000000000c436000 JavaThread "AWT-Windows" daemon [_thread_in_native, id=4224, stack(0x0000000010ca0000,0x0000000010da0000)]
  0x000000000c3fc000 JavaThread "Java2D Disposer" daemon [_thread_blocked, id=4496, stack(0x000000000f6b0000,0x000000000f7b0000)]
  0x000000000a383800 JavaThread "Service Thread" daemon [_thread_blocked, id=4288, stack(0x000000000c0b0000,0x000000000c1b0000)]
  0x000000000a37f800 JavaThread "C2 CompilerThread1" daemon [_thread_blocked, id=3320, stack(0x000000000bfb0000,0x000000000c0b0000)]
  0x000000000a37c000 JavaThread "C2 CompilerThread0" daemon [_thread_blocked, id=3000, stack(0x000000000beb0000,0x000000000bfb0000)]
  0x000000000a36a000 JavaThread "JDWP Command Reader" daemon [_thread_in_native, id=4672, stack(0x000000000bdb0000,0x000000000beb0000)]
  0x000000000a367000 JavaThread "JDWP Event Helper Thread" daemon [_thread_blocked, id=4764, stack(0x000000000bcb0000,0x000000000bdb0000)]
  0x000000000a363800 JavaThread "JDWP Transport Listener: dt_socket" daemon [_thread_blocked, id=2352, stack(0x000000000bbb0000,0x000000000bcb0000)]
  0x000000000a353800 JavaThread "Attach Listener" daemon [_thread_blocked, id=84, stack(0x000000000b7d0000,0x000000000b8d0000)]
  0x000000000a350000 JavaThread "Signal Dispatcher" daemon [_thread_blocked, id=4084, stack(0x000000000b6d0000,0x000000000b7d0000)]
  0x000000000a31e800 JavaThread "Finalizer" daemon [_thread_blocked, id=1316, stack(0x000000000b5d0000,0x000000000b6d0000)]
  0x000000000a313000 JavaThread "Reference Handler" daemon [_thread_blocked, id=2412, stack(0x000000000b4d0000,0x000000000b5d0000)]
=>0x0000000001f7d800 JavaThread "main" [_thread_in_native, id=2840, stack(0x0000000001db0000,0x0000000001eb0000)]

Other Threads:
  0x000000000a311000 VMThread [stack: 0x000000000b3d0000,0x000000000b4d0000] [id=3896]
  0x000000000a39c000 WatcherThread [stack: 0x000000000c1b0000,0x000000000c2b0000] [id=4212]

VM state:not at safepoint (normal execution)

VM Mutex/Monitor currently owned by a thread: None

Heap
 PSYoungGen      total 269824K, used 150593K [0x00000007d5f00000, 0x00000007e6f00000, 0x0000000800000000)
  eden space 261120K, 55% used [0x00000007d5f00000,0x00000007deb52750,0x00000007e5e00000)
  from space 8704K, 79% used [0x00000007e6680000,0x00000007e6d3e070,0x00000007e6f00000)
  to   space 8704K, 0% used [0x00000007e5e00000,0x00000007e5e00000,0x00000007e6680000)
 ParOldGen       total 86016K, used 6238K [0x0000000781e00000, 0x0000000787200000, 0x00000007d5f00000)
  object space 86016K, 7% used [0x0000000781e00000,0x00000007824178c0,0x0000000787200000)
 PSPermGen       total 21504K, used 7467K [0x000000077cc00000, 0x000000077e100000, 0x0000000781e00000)
  object space 21504K, 34% used [0x000000077cc00000,0x000000077d34afd8,0x000000077e100000)

Card table byte_map: [0x0000000005140000,0x0000000005560000] byte_map_base: 0x000000000155a000

Polling page: 0x0000000000540000

Code Cache  [0x0000000002080000, 0x00000000022f0000, 0x0000000005080000)
 total_blobs=641 nmethods=207 adapters=394 free_code_cache=48199Kb largest_free_block=49328640

Compilation events (10 events):
Event: 2.405 Thread 0x000000000a37c000  208             java.awt.font.FontRenderContext::equals (127 bytes)
Event: 2.406 Thread 0x000000000a37c000 nmethod 208 0x0000000002169410 code [0x00000000021695a0, 0x0000000002169820]
Event: 2.462 Thread 0x000000000a37f800  209 % !         java.lang.ref.Reference$ReferenceHandler::run @ 0 (108 bytes)
Event: 2.466 Thread 0x000000000a37f800 nmethod 209% 0x000000000216e1d0 code [0x000000000216e360, 0x000000000216eaa8]
Event: 2.531 Thread 0x000000000a37c000  210             java.lang.String::getChars (62 bytes)
Event: 2.532 Thread 0x000000000a37c000 nmethod 210 0x000000000216eed0 code [0x000000000216f020, 0x000000000216f258]
Event: 2.787 Thread 0x000000000a37f800  211             java.nio.Buffer::position (5 bytes)
Event: 2.787 Thread 0x000000000a37f800 nmethod 211 0x0000000002161450 code [0x0000000002161580, 0x00000000021615d8]
Event: 2.905 Thread 0x000000000a37c000  212             java.lang.String::startsWith (72 bytes)
Event: 2.906 Thread 0x000000000a37c000 nmethod 212 0x000000000216c2d0 code [0x000000000216c420, 0x000000000216c698]

GC Heap History (10 events):
Event: 1.081 GC heap before
{Heap before GC invocations=4 (full 0):
 PSYoungGen      total 37888K, used 37325K [0x00000007d5f00000, 0x00000007da900000, 0x0000000800000000)
  eden space 32768K, 98% used [0x00000007d5f00000,0x00000007d7e774d8,0x00000007d7f00000)
  from space 5120K, 99% used [0x00000007d7f00000,0x00000007d83fc050,0x00000007d8400000)
  to   space 5120K, 0% used [0x00000007da400000,0x00000007da400000,0x00000007da900000)
 ParOldGen       total 86016K, used 4218K [0x0000000781e00000, 0x0000000787200000, 0x00000007d5f00000)
  object space 86016K, 4% used [0x0000000781e00000,0x000000078221ebe0,0x0000000787200000)
 PSPermGen       total 21504K, used 7233K [0x000000077cc00000, 0x000000077e100000, 0x0000000781e00000)
  object space 21504K, 33% used [0x000000077cc00000,0x000000077d310688,0x000000077e100000)
Event: 1.082 GC heap after
Heap after GC invocations=4 (full 0):
 PSYoungGen      total 70656K, used 2080K [0x00000007d5f00000, 0x00000007da900000, 0x0000000800000000)
  eden space 65536K, 0% used [0x00000007d5f00000,0x00000007d5f00000,0x00000007d9f00000)
  from space 5120K, 40% used [0x00000007da400000,0x00000007da608010,0x00000007da900000)
  to   space 5120K, 0% used [0x00000007d9f00000,0x00000007d9f00000,0x00000007da400000)
 ParOldGen       total 86016K, used 4218K [0x0000000781e00000, 0x0000000787200000, 0x00000007d5f00000)
  object space 86016K, 4% used [0x0000000781e00000,0x000000078221ebe0,0x0000000787200000)
 PSPermGen       total 21504K, used 7233K [0x000000077cc00000, 0x000000077e100000, 0x0000000781e00000)
  object space 21504K, 33% used [0x000000077cc00000,0x000000077d310688,0x000000077e100000)
}
Event: 1.336 GC heap before
{Heap before GC invocations=5 (full 0):
 PSYoungGen      total 70656K, used 67616K [0x00000007d5f00000, 0x00000007da900000, 0x0000000800000000)
  eden space 65536K, 100% used [0x00000007d5f00000,0x00000007d9f00000,0x00000007d9f00000)
  from space 5120K, 40% used [0x00000007da400000,0x00000007da608010,0x00000007da900000)
  to   space 5120K, 0% used [0x00000007d9f00000,0x00000007d9f00000,0x00000007da400000)
 ParOldGen       total 86016K, used 4218K [0x0000000781e00000, 0x0000000787200000, 0x00000007d5f00000)
  object space 86016K, 4% used [0x0000000781e00000,0x000000078221ebe0,0x0000000787200000)
 PSPermGen       total 21504K, used 7281K [0x000000077cc00000, 0x000000077e100000, 0x0000000781e00000)
  object space 21504K, 33% used [0x000000077cc00000,0x000000077d31c6d8,0x000000077e100000)
Event: 1.339 GC heap after
Heap after GC invocations=5 (full 0):
 PSYoungGen      total 70656K, used 5104K [0x00000007d5f00000, 0x00000007def00000, 0x0000000800000000)
  eden space 65536K, 0% used [0x00000007d5f00000,0x00000007d5f00000,0x00000007d9f00000)
  from space 5120K, 99% used [0x00000007d9f00000,0x00000007da3fc050,0x00000007da400000)
  to   space 8192K, 0% used [0x00000007de700000,0x00000007de700000,0x00000007def00000)
 ParOldGen       total 86016K, used 4442K [0x0000000781e00000, 0x0000000787200000, 0x00000007d5f00000)
  object space 86016K, 5% used [0x0000000781e00000,0x0000000782256be0,0x0000000787200000)
 PSPermGen       total 21504K, used 7281K [0x000000077cc00000, 0x000000077e100000, 0x0000000781e00000)
  object space 21504K, 33% used [0x000000077cc00000,0x000000077d31c6d8,0x000000077e100000)
}
Event: 1.574 GC heap before
{Heap before GC invocations=6 (full 0):
 PSYoungGen      total 70656K, used 70640K [0x00000007d5f00000, 0x00000007def00000, 0x0000000800000000)
  eden space 65536K, 100% used [0x00000007d5f00000,0x00000007d9f00000,0x00000007d9f00000)
  from space 5120K, 99% used [0x00000007d9f00000,0x00000007da3fc050,0x00000007da400000)
  to   space 8192K, 0% used [0x00000007de700000,0x00000007de700000,0x00000007def00000)
 ParOldGen       total 86016K, used 4442K [0x0000000781e00000, 0x0000000787200000, 0x00000007d5f00000)
  object space 86016K, 5% used [0x0000000781e00000,0x0000000782256be0,0x0000000787200000)
 PSPermGen       total 21504K, used 7352K [0x000000077cc00000, 0x000000077e100000, 0x0000000781e00000)
  object space 21504K, 34% used [0x000000077cc00000,0x000000077d32e3a0,0x000000077e100000)
Event: 1.576 GC heap after
Heap after GC invocations=6 (full 0):
 PSYoungGen      total 138752K, used 6208K [0x00000007d5f00000, 0x00000007df000000, 0x0000000800000000)
  eden space 130560K, 0% used [0x00000007d5f00000,0x00000007d5f00000,0x00000007dde80000)
  from space 8192K, 75% used [0x00000007de700000,0x00000007ded10050,0x00000007def00000)
  to   space 8704K, 0% used [0x00000007dde80000,0x00000007dde80000,0x00000007de700000)
 ParOldGen       total 86016K, used 4450K [0x0000000781e00000, 0x0000000787200000, 0x00000007d5f00000)
  object space 86016K, 5% used [0x0000000781e00000,0x0000000782258be0,0x0000000787200000)
 PSPermGen       total 21504K, used 7352K [0x000000077cc00000, 0x000000077e100000, 0x0000000781e00000)
  object space 21504K, 34% used [0x000000077cc00000,0x000000077d32e3a0,0x000000077e100000)
}
Event: 2.037 GC heap before
{Heap before GC invocations=7 (full 0):
 PSYoungGen      total 138752K, used 136768K [0x00000007d5f00000, 0x00000007df000000, 0x0000000800000000)
  eden space 130560K, 100% used [0x00000007d5f00000,0x00000007dde80000,0x00000007dde80000)
  from space 8192K, 75% used [0x00000007de700000,0x00000007ded10050,0x00000007def00000)
  to   space 8704K, 0% used [0x00000007dde80000,0x00000007dde80000,0x00000007de700000)
 ParOldGen       total 86016K, used 4450K [0x0000000781e00000, 0x0000000787200000, 0x00000007d5f00000)
  object space 86016K, 5% used [0x0000000781e00000,0x0000000782258be0,0x0000000787200000)
 PSPermGen       total 21504K, used 7364K [0x000000077cc00000, 0x000000077e100000, 0x0000000781e00000)
  object space 21504K, 34% used [0x000000077cc00000,0x000000077d331280,0x000000077e100000)
Event: 2.041 GC heap after
Heap after GC invocations=7 (full 0):
 PSYoungGen      total 139264K, used 3840K [0x00000007d5f00000, 0x00000007e6f00000, 0x0000000800000000)
  eden space 130560K, 0% used [0x00000007d5f00000,0x00000007d5f00000,0x00000007dde80000)
  from space 8704K, 44% used [0x00000007dde80000,0x00000007de240030,0x00000007de700000)
  to   space 8704K, 0% used [0x00000007e6680000,0x00000007e6680000,0x00000007e6f00000)
 ParOldGen       total 86016K, used 6174K [0x0000000781e00000, 0x0000000787200000, 0x00000007d5f00000)
  object space 86016K, 7% used [0x0000000781e00000,0x00000007824078c0,0x0000000787200000)
 PSPermGen       total 21504K, used 7364K [0x000000077cc00000, 0x000000077e100000, 0x0000000781e00000)
  object space 21504K, 34% used [0x000000077cc00000,0x000000077d331280,0x000000077e100000)
}
Event: 2.458 GC heap before
{Heap before GC invocations=8 (full 0):
 PSYoungGen      total 139264K, used 134400K [0x00000007d5f00000, 0x00000007e6f00000, 0x0000000800000000)
  eden space 130560K, 100% used [0x00000007d5f00000,0x00000007dde80000,0x00000007dde80000)
  from space 8704K, 44% used [0x00000007dde80000,0x00000007de240030,0x00000007de700000)
  to   space 8704K, 0% used [0x00000007e6680000,0x00000007e6680000,0x00000007e6f00000)
 ParOldGen       total 86016K, used 6174K [0x0000000781e00000, 0x0000000787200000, 0x00000007d5f00000)
  object space 86016K, 7% used [0x0000000781e00000,0x00000007824078c0,0x0000000787200000)
 PSPermGen       total 21504K, used 7364K [0x000000077cc00000, 0x000000077e100000, 0x0000000781e00000)
  object space 21504K, 34% used [0x000000077cc00000,0x000000077d3312a0,0x000000077e100000)
Event: 2.460 GC heap after
Heap after GC invocations=8 (full 0):
 PSYoungGen      total 269824K, used 6904K [0x00000007d5f00000, 0x00000007e6f00000, 0x0000000800000000)
  eden space 261120K, 0% used [0x00000007d5f00000,0x00000007d5f00000,0x00000007e5e00000)
  from space 8704K, 79% used [0x00000007e6680000,0x00000007e6d3e070,0x00000007e6f00000)
  to   space 8704K, 0% used [0x00000007e5e00000,0x00000007e5e00000,0x00000007e6680000)
 ParOldGen       total 86016K, used 6238K [0x0000000781e00000, 0x0000000787200000, 0x00000007d5f00000)
  object space 86016K, 7% used [0x0000000781e00000,0x00000007824178c0,0x0000000787200000)
 PSPermGen       total 21504K, used 7364K [0x000000077cc00000, 0x000000077e100000, 0x0000000781e00000)
  object space 21504K, 34% used [0x000000077cc00000,0x000000077d3312a0,0x000000077e100000)
}

Deoptimization events (6 events):
Event: 0.394 Thread 0x0000000001f7d800 Uncommon trap: reason=unreached action=reinterpret pc=0x00000000020fa05c method=java.util.HashMap.put(Ljava/lang/Object;Ljava/lang/Object;)Ljava/lang/Object; @ 7
Event: 0.400 Thread 0x0000000001f7d800 Uncommon trap: reason=class_check action=maybe_recompile pc=0x00000000020f5448 method=java.util.HashMap.addEntry(ILjava/lang/Object;Ljava/lang/Object;I)V @ 65
Event: 0.429 Thread 0x0000000001f7d800 Uncommon trap: reason=class_check action=maybe_recompile pc=0x00000000020f5448 method=java.util.HashMap.addEntry(ILjava/lang/Object;Ljava/lang/Object;I)V @ 65
Event: 0.430 Thread 0x0000000001f7d800 Uncommon trap: reason=null_check action=make_not_entrant pc=0x00000000020f28a8 method=java.lang.String.equals(Ljava/lang/Object;)Z @ 8
Event: 0.435 Thread 0x0000000001f7d800 Uncommon trap: reason=class_check action=maybe_recompile pc=0x00000000020f5448 method=java.util.HashMap.addEntry(ILjava/lang/Object;Ljava/lang/Object;I)V @ 65
Event: 0.435 Thread 0x0000000001f7d800 Uncommon trap: reason=class_check action=maybe_recompile pc=0x00000000020f5448 method=java.util.HashMap.addEntry(ILjava/lang/Object;Ljava/lang/Object;I)V @ 65

Internal exceptions (10 events):
Event: 0.542 Thread 0x0000000001f7d800 Threw 0x00000007d699f420 at C:\re\jdk7u45\229\hotspot\src\share\vm\prims\jvm.cpp:1244
Event: 0.543 Thread 0x0000000001f7d800 Threw 0x00000007d69aaf58 at C:\re\jdk7u45\229\hotspot\src\share\vm\prims\jvm.cpp:1244
Event: 0.543 Thread 0x0000000001f7d800 Threw 0x00000007d69b12a8 at C:\re\jdk7u45\229\hotspot\src\share\vm\prims\jvm.cpp:1244
Event: 0.543 Thread 0x0000000001f7d800 Threw 0x00000007d69b6570 at C:\re\jdk7u45\229\hotspot\src\share\vm\prims\jvm.cpp:1244
Event: 0.544 Thread 0x0000000001f7d800 Threw 0x00000007d69b9220 at C:\re\jdk7u45\229\hotspot\src\share\vm\prims\jvm.cpp:1244
Event: 0.679 Thread 0x0000000001f7d800 Threw 0x00000007d7be7800 at C:\re\jdk7u45\229\hotspot\src\share\vm\prims\jvm.cpp:1244
Event: 0.987 Thread 0x0000000001f7d800 Threw 0x00000007d6b18df8 at C:\re\jdk7u45\229\hotspot\src\share\vm\prims\jvm.cpp:1244
Event: 2.904 Thread 0x0000000001f7d800 Threw 0x00000007dea84930 at C:\re\jdk7u45\229\hotspot\src\share\vm\prims\jvm.cpp:1244
Event: 2.905 Thread 0x0000000001f7d800 Threw 0x00000007dea88480 at C:\re\jdk7u45\229\hotspot\src\share\vm\prims\jvm.cpp:1244
Event: 2.967 Thread 0x0000000001f7d800 Threw 0x00000007dea98aa0 at C:\re\jdk7u45\229\hotspot\src\share\vm\prims\jvm.cpp:1244

Events (10 events):
Event: 2.458 Executing VM operation: ParallelGCFailedAllocation
Event: 2.460 Executing VM operation: ParallelGCFailedAllocation done
Event: 2.904 loading class 0x000000000a39f410
Event: 2.904 loading class 0x000000000a39f410 done
Event: 2.905 loading class 0x000000000f8f2090
Event: 2.905 loading class 0x000000000f8f2090 done
Event: 2.967 loading class 0x000000000a39f470
Event: 2.967 loading class 0x000000000a39f470 done
Event: 4.152 Executing VM operation: EnableBiasedLocking
Event: 4.152 Executing VM operation: EnableBiasedLocking done


Dynamic libraries:
0x00007ff7ae6b0000 - 0x00007ff7ae6e3000 	C:\Program Files\Java\jdk1.7.0_45\bin\javaw.exe
0x00007ff8727e0000 - 0x00007ff872989000 	C:\Windows\SYSTEM32\ntdll.dll
0x00007ff871e60000 - 0x00007ff871f9a000 	C:\Windows\system32\KERNEL32.DLL
0x00007ff86ff10000 - 0x00007ff87001f000 	C:\Windows\system32\KERNELBASE.dll
0x00007ff871b60000 - 0x00007ff871c05000 	C:\Windows\system32\ADVAPI32.dll
0x00007ff871fa0000 - 0x00007ff872111000 	C:\Windows\system32\USER32.dll
0x00007ff86d280000 - 0x00007ff86d4da000 	C:\Windows\WinSxS\amd64_microsoft.windows.common-controls_6595b64144ccf1df_6.0.9600.16384_none_62475f7becb72503\COMCTL32.dll
0x00007ff8725f0000 - 0x00007ff872697000 	C:\Windows\system32\msvcrt.dll
0x00007ff871db0000 - 0x00007ff871e07000 	C:\Windows\SYSTEM32\sechost.dll
0x00007ff870070000 - 0x00007ff8701a6000 	C:\Windows\system32\RPCRT4.dll
0x00007ff8723e0000 - 0x00007ff872525000 	C:\Windows\system32\GDI32.dll
0x00007ff871e10000 - 0x00007ff871e44000 	C:\Windows\system32\IMM32.DLL
0x00007ff8726a0000 - 0x00007ff8727d9000 	C:\Windows\system32\MSCTF.dll
0x0000000054a30000 - 0x0000000054b02000 	C:\Program Files\Java\jdk1.7.0_45\jre\bin\msvcr100.dll
0x0000000054260000 - 0x0000000054a29000 	C:\Program Files\Java\jdk1.7.0_45\jre\bin\server\jvm.dll
0x00007ff86b7c0000 - 0x00007ff86b7c9000 	C:\Windows\SYSTEM32\WSOCK32.dll
0x00007ff865540000 - 0x00007ff86555f000 	C:\Windows\SYSTEM32\WINMM.dll
0x00007ff872180000 - 0x00007ff872187000 	C:\Windows\system32\PSAPI.DLL
0x00007ff872120000 - 0x00007ff872178000 	C:\Windows\system32\WS2_32.dll
0x00007ff865500000 - 0x00007ff86552a000 	C:\Windows\SYSTEM32\WINMMBASE.dll
0x00007ff871e50000 - 0x00007ff871e59000 	C:\Windows\system32\NSI.dll
0x00007ff86fec0000 - 0x00007ff86ff0a000 	C:\Windows\SYSTEM32\cfgmgr32.dll
0x00007ff86e9e0000 - 0x00007ff86ea06000 	C:\Windows\SYSTEM32\DEVOBJ.dll
0x0000000054250000 - 0x000000005425f000 	C:\Program Files\Java\jdk1.7.0_45\jre\bin\verify.dll
0x0000000054220000 - 0x0000000054248000 	C:\Program Files\Java\jdk1.7.0_45\jre\bin\java.dll
0x00000000541e0000 - 0x0000000054215000 	C:\Program Files\Java\jdk1.7.0_45\jre\bin\jdwp.dll
0x00000000541d0000 - 0x00000000541d8000 	C:\Program Files\Java\jdk1.7.0_45\jre\bin\npt.dll
0x00000000541b0000 - 0x00000000541c5000 	C:\Program Files\Java\jdk1.7.0_45\jre\bin\zip.dll
0x00000000541a0000 - 0x00000000541a9000 	C:\Program Files\Java\jdk1.7.0_45\jre\bin\dt_socket.dll
0x00007ff867e40000 - 0x00007ff867e54000 	C:\Windows\system32\napinsp.dll
0x00007ff867e60000 - 0x00007ff867e79000 	C:\Windows\system32\pnrpnsp.dll
0x00007ff86d680000 - 0x00007ff86d699000 	C:\Windows\system32\NLAapi.dll
0x00007ff86f420000 - 0x00007ff86f478000 	C:\Windows\System32\mswsock.dll
0x00007ff86f230000 - 0x00007ff86f2d3000 	C:\Windows\SYSTEM32\DNSAPI.dll
0x00007ff867f80000 - 0x00007ff867f8c000 	C:\Windows\System32\winrnr.dll
0x00007ff86adb0000 - 0x00007ff86ae17000 	C:\Windows\System32\fwpuclnt.dll
0x00007ff868a20000 - 0x00007ff868a29000 	C:\Windows\System32\rasadhlp.dll
0x0000000180000000 - 0x0000000180050000 	C:\Users\GeMo\git\JGame\lib\natives-windows\lwjgl64.dll
0x00007ff865c40000 - 0x00007ff865d61000 	C:\Windows\SYSTEM32\OPENGL32.dll
0x00007ff86cfc0000 - 0x00007ff86cfca000 	C:\Windows\SYSTEM32\VERSION.dll
0x00007ff86b770000 - 0x00007ff86b79c000 	C:\Windows\SYSTEM32\GLU32.dll
0x00007ff865ac0000 - 0x00007ff865bb4000 	C:\Windows\SYSTEM32\DDRAW.dll
0x00007ff86b7d0000 - 0x00007ff86b7d9000 	C:\Windows\SYSTEM32\DCIMAN32.dll
0x00007ff86e860000 - 0x00007ff86e982000 	C:\Windows\system32\uxtheme.dll
0x00007ff871980000 - 0x00007ff871b57000 	C:\Windows\SYSTEM32\combase.dll
0x00007ff86b0d0000 - 0x00007ff86b1be000 	C:\Program Files (x86)\Start8\Start8_64.dll
0x00007ff86bec0000 - 0x00007ff86c024000 	C:\Windows\SYSTEM32\PROPSYS.dll
0x00007ff872190000 - 0x00007ff872247000 	C:\Windows\system32\OLEAUT32.dll
0x00007ff86de10000 - 0x00007ff86de31000 	C:\Windows\system32\dwmapi.dll
0x00007ff867f40000 - 0x00007ff867f58000 	C:\Windows\SYSTEM32\atig6pxx.dll
0x00000000527f0000 - 0x0000000054191000 	C:\Windows\SYSTEM32\atio6axx.dll
0x00007ff8717a0000 - 0x00007ff871976000 	C:\Windows\system32\SETUPAPI.dll
0x00007ff86c030000 - 0x00007ff86c158000 	C:\Windows\SYSTEM32\atiadlxx.dll
0x00007ff870390000 - 0x00007ff87179e000 	C:\Windows\system32\SHELL32.dll
0x00007ff870210000 - 0x00007ff870385000 	C:\Windows\system32\ole32.dll
0x00007ff86f1d0000 - 0x00007ff86f1ef000 	C:\Windows\SYSTEM32\USERENV.dll
0x00007ff86e800000 - 0x00007ff86e811000 	C:\Windows\SYSTEM32\WTSAPI32.dll
0x00007ff86be90000 - 0x00007ff86beb9000 	C:\Windows\SYSTEM32\IPHLPAPI.DLL
0x00007ff872380000 - 0x00007ff8723d1000 	C:\Windows\system32\SHLWAPI.dll
0x00007ff86fb60000 - 0x00007ff86fb74000 	C:\Windows\SYSTEM32\profapi.dll
0x00007ff86be50000 - 0x00007ff86be5a000 	C:\Windows\SYSTEM32\WINNSI.DLL
0x00007ff870020000 - 0x00007ff87006e000 	C:\Windows\system32\WINTRUST.dll
0x00007ff86fc30000 - 0x00007ff86fe07000 	C:\Windows\system32\CRYPT32.dll
0x00007ff86fc10000 - 0x00007ff86fc22000 	C:\Windows\system32\MSASN1.dll
0x00007ff86cff0000 - 0x00007ff86d134000 	C:\Windows\SYSTEM32\aticfx64.dll
0x00007ff86dff0000 - 0x00007ff86e091000 	C:\Windows\SYSTEM32\SHCORE.dll
0x00007ff866d00000 - 0x00007ff866d1e000 	C:\Windows\SYSTEM32\atig6txx.dll
0x00007ff86ea30000 - 0x00007ff86ea3a000 	C:\Windows\SYSTEM32\kernel.appcore.dll
0x00007ff86faa0000 - 0x00007ff86faaa000 	C:\Windows\SYSTEM32\CRYPTBASE.dll
0x00007ff86fa40000 - 0x00007ff86fa9e000 	C:\Windows\SYSTEM32\bcryptPrimitives.dll
0x00007ff85e740000 - 0x00007ff85e7cd000 	C:\Windows\SYSTEM32\mscms.dll
0x00007ff866cb0000 - 0x00007ff866cf1000 	C:\Windows\SYSTEM32\icm32.dll
0x0000000052650000 - 0x00000000527e5000 	C:\Program Files\Java\jdk1.7.0_45\jre\bin\awt.dll
0x00007ff86e770000 - 0x00007ff86e7fb000 	C:\Windows\system32\apphelp.dll
0x0000000052600000 - 0x0000000052646000 	C:\Program Files\Java\jdk1.7.0_45\jre\bin\fontmanager.dll
0x00007ff853680000 - 0x00007ff85388a000 	C:\Windows\system32\d3d9.dll
0x00007ff853660000 - 0x00007ff853680000 	C:\Windows\SYSTEM32\atiu9p64.dll
0x00007ff852ef0000 - 0x00007ff853651000 	C:\Windows\SYSTEM32\atiumd64.dll
0x0000000055490000 - 0x0000000055d1d000 	C:\Windows\SYSTEM32\atiumd6a.dll
0x00000000525e0000 - 0x00000000525f9000 	C:\Program Files\Java\jdk1.7.0_45\jre\bin\net.dll
0x00000000525c0000 - 0x00000000525d1000 	C:\Program Files\Java\jdk1.7.0_45\jre\bin\nio.dll
0x0000000052570000 - 0x00000000525b1000 	C:\Program Files\Java\jdk1.7.0_45\jre\bin\t2k.dll
0x00007ff85f360000 - 0x00007ff85f4e8000 	C:\Windows\SYSTEM32\dbghelp.dll

VM Arguments:
jvm_args: -agentlib:jdwp=transport=dt_socket,suspend=y,address=localhost:50897 -Djava.library.path=C:\Users\GeMo\git\JGame\lib\natives-windows;C:\Users\GeMo\git\JGame\lib\natives-windows -Dfile.encoding=Cp1252 
java_command: de.gemo.gameengine.core.StartUp
Launcher Type: SUN_STANDARD

Environment Variables:
PATH=C:\Program Files\Java\jdk1.7.0_45\jre\bin;C:\Program Files (x86)\NVIDIA Corporation\PhysX\Common;C:\Program Files (x86)\Intel\iCLS Client\;C:\Program Files\Intel\iCLS Client\;C:\Windows\system32;C:\Windows;C:\Windows\System32\Wbem;C:\Windows\System32\WindowsPowerShell\v1.0\;C:\Program Files\Intel\Intel(R) Management Engine Components\DAL;C:\Program Files\Intel\Intel(R) Management Engine Components\IPT;C:\Program Files (x86)\Intel\Intel(R) Management Engine Components\DAL;C:\Program Files (x86)\Intel\Intel(R) Management Engine Components\IPT;C:\Program Files (x86)\Intel\OpenCL SDK\3.0\bin\x86;C:\Program Files (x86)\Intel\OpenCL SDK\3.0\bin\x64;C:\Program Files (x86)\ATI\ATI.ACE\Core-Static;C:\Program Files\Common Files\Autodesk Shared\;C:\Program Files (x86)\Autodesk\Backburner\
USERNAME=GeMo
OS=Windows_NT
PROCESSOR_IDENTIFIER=Intel64 Family 6 Model 60 Stepping 3, GenuineIntel



---------------  S Y S T E M  ---------------

OS: Windows 8 , 64 bit Build 9200 

CPU:total 4 (4 cores per cpu, 1 threads per core) family 6 model 60 stepping 3, cmov, cx8, fxsr, mmx, sse, sse2, sse3, ssse3, sse4.1, sse4.2, popcnt, avx, avx2, aes, erms, tsc, tscinvbit

Memory: 4k page, physical 8264720k(5568880k free), swap 16653328k(13315268k free)

vm_info: Java HotSpot(TM) 64-Bit Server VM (24.45-b08) for windows-amd64 JRE (1.7.0_45-b18), built on Oct  8 2013 05:47:22 by "java_re" with unknown MS VC++:1600

time: Mon Jun 16 16:56:01 2014
elapsed time: 6 seconds

