#
# A fatal error has been detected by the Java Runtime Environment:
#
#  EXCEPTION_ACCESS_VIOLATION (0xc0000005) at pc=0x000000005331fb7d, pid=3448, tid=3536
#
# JRE version: Java(TM) SE Runtime Environment (7.0_45-b18) (build 1.7.0_45-b18)
# Java VM: Java HotSpot(TM) 64-Bit Server VM (24.45-b08 mixed mode windows-amd64 compressed oops)
# Problematic frame:
# C  [atio6axx.dll+0xb2fb7d]
#
# Failed to write core dump. Minidumps are not enabled by default on client versions of Windows
#
# If you would like to submit a bug report, please visit:
#   http://bugreport.sun.com/bugreport/crash.jsp
# The crash happened outside the Java Virtual Machine in native code.
# See problematic frame for where to report the bug.
#

---------------  T H R E A D  ---------------

Current thread (0x0000000001f2d800):  JavaThread "main" [_thread_in_native, id=3536, stack(0x0000000001db0000,0x0000000001eb0000)]

siginfo: ExceptionCode=0xc0000005, writing address 0x0000000415fd76d0

Registers:
RAX=0x0000000000000000, RBX=0x000000000f0dc920, RCX=0x00000000fffe0000, RDX=0x0000000415fd76d0
RSP=0x0000000001eaede0, RBP=0x0000000000000001, RSI=0x000000000ef50270, RDI=0x0000000000000000
R8 =0x0000000018f8c040, R9 =0x000000000f341180, R10=0x0000000000008001, R11=0x0000000000000246
R12=0xffffffffffffff00, R13=0x000000000d6a3cf0, R14=0x000000000ef50270, R15=0x0000000000000000
RIP=0x000000005331fb7d, EFLAGS=0x0000000000010202

Top of Stack: (sp=0x0000000001eaede0)
0x0000000001eaede0:   0000000000000000 000000000f0dc920
0x0000000001eaedf0:   000000000ef50270 0000000053bb7297
0x0000000001eaee00:   000000000f0d5ee0 00000000103f6700
0x0000000001eaee10:   0000000000780000 000000001ca68040
0x0000000001eaee20:   0000000000010000 0000000053bb7297
0x0000000001eaee30:   0000000000780000 00000000103f67d0
0x0000000001eaee40:   000000000f3411b8 0000000053fcd0e8
0x0000000001eaee50:   0000000000000000 fffffffff1a72d20
0x0000000001eaee60:   ffffffffffffffff 0000000000010000
0x0000000001eaee70:   000000000f0dc920 00000000533206bb
0x0000000001eaee80:   0000000000000000 0000000000000000
0x0000000001eaee90:   000000000f0dc920 0000000000000000
0x0000000001eaeea0:   0000000000c3cd6f 000000001ca68040
0x0000000001eaeeb0:   000000001ca68040 000000001d6a4daf
0x0000000001eaeec0:   0000000400000004 000000000000000e
0x0000000001eaeed0:   0000000000000010 000000001043c2a8 

Instructions: (pc=0x000000005331fb7d)
0x000000005331fb5d:   11 49 8b 41 58 8d 0c 95 00 00 00 00 48 8d 14 88
0x000000005331fb6d:   eb 08 48 c1 e2 04 49 03 51 08 41 8b 00 41 ff c2
0x000000005331fb7d:   89 02 41 8b 40 04 89 42 04 41 8b 40 08 89 42 08
0x000000005331fb8d:   41 8b 40 0c 89 42 0c 48 8b 43 38 44 3b 90 c8 01 


Register to memory mapping:

RAX=0x0000000000000000 is an unknown value
RBX=0x000000000f0dc920 is an unknown value
RCX=0x00000000fffe0000 is an unknown value
RDX=0x0000000415fd76d0 is an unknown value
RSP=0x0000000001eaede0 is pointing into the stack for thread: 0x0000000001f2d800
RBP=0x0000000000000001 is an unknown value
RSI=0x000000000ef50270 is an unknown value
RDI=0x0000000000000000 is an unknown value
R8 =0x0000000018f8c040 is an unknown value
R9 =0x000000000f341180 is an unknown value
R10=0x0000000000008001 is an unknown value
R11=0x0000000000000246 is an unknown value
R12=0xffffffffffffff00 is an unknown value
R13=0x000000000d6a3cf0 is an unknown value
R14=0x000000000ef50270 is an unknown value
R15=0x0000000000000000 is an unknown value


Stack: [0x0000000001db0000,0x0000000001eb0000],  sp=0x0000000001eaede0,  free space=1019k
Native frames: (J=compiled Java code, j=interpreted, Vv=VM code, C=native code)
C  [atio6axx.dll+0xb2fb7d]

Java frames: (J=compiled Java code, j=interpreted, Vv=VM code)
j  org.lwjgl.opengl.GL20.nglValidateProgram(IJ)V+0
j  org.lwjgl.opengl.GL20.glValidateProgram(I)V+15
j  de.gemo.game.fov.units.Shader.recompileShaderProgramm()V+74
j  de.gemo.game.fov.units.Shader.loadPixelShader(Ljava/lang/String;)V+27
j  de.gemo.game.terrain.core.TerrainCore.createManager()V+17
j  de.gemo.gameengine.core.GameEngine.initEngine()V+34
j  de.gemo.gameengine.core.GameEngine.startUp()V+13
j  de.gemo.gameengine.core.StartUp.<init>(Lde/gemo/gameengine/core/GameEngine;)V+17
j  de.gemo.gameengine.core.StartUp.main([Ljava/lang/String;)V+25
v  ~StubRoutines::call_stub

---------------  P R O C E S S  ---------------

Java Threads: ( => current thread )
  0x000000000c3cf000 JavaThread "AWT-Windows" daemon [_thread_in_native, id=4088, stack(0x0000000010af0000,0x0000000010bf0000)]
  0x000000000f670800 JavaThread "Java2D Disposer" daemon [_thread_blocked, id=1944, stack(0x000000000f4f0000,0x000000000f5f0000)]
  0x000000000a276000 JavaThread "Service Thread" daemon [_thread_blocked, id=5028, stack(0x000000000bf90000,0x000000000c090000)]
  0x000000000a272000 JavaThread "C2 CompilerThread1" daemon [_thread_blocked, id=2136, stack(0x000000000be90000,0x000000000bf90000)]
  0x000000000a26c800 JavaThread "C2 CompilerThread0" daemon [_thread_blocked, id=5088, stack(0x000000000bd90000,0x000000000be90000)]
  0x000000000a25a800 JavaThread "JDWP Command Reader" daemon [_thread_in_native, id=3524, stack(0x000000000bc90000,0x000000000bd90000)]
  0x000000000a258000 JavaThread "JDWP Event Helper Thread" daemon [_thread_blocked, id=4636, stack(0x000000000bb90000,0x000000000bc90000)]
  0x000000000a24b800 JavaThread "JDWP Transport Listener: dt_socket" daemon [_thread_blocked, id=3088, stack(0x000000000ba90000,0x000000000bb90000)]
  0x000000000a244800 JavaThread "Attach Listener" daemon [_thread_blocked, id=4484, stack(0x000000000b6b0000,0x000000000b7b0000)]
  0x000000000a241800 JavaThread "Signal Dispatcher" daemon [_thread_blocked, id=4768, stack(0x000000000b5b0000,0x000000000b6b0000)]
  0x000000000a20f800 JavaThread "Finalizer" daemon [_thread_blocked, id=1612, stack(0x000000000b4b0000,0x000000000b5b0000)]
  0x000000000a204800 JavaThread "Reference Handler" daemon [_thread_blocked, id=4940, stack(0x000000000b3b0000,0x000000000b4b0000)]
=>0x0000000001f2d800 JavaThread "main" [_thread_in_native, id=3536, stack(0x0000000001db0000,0x0000000001eb0000)]

Other Threads:
  0x000000000a203000 VMThread [stack: 0x000000000b2b0000,0x000000000b3b0000] [id=4888]
  0x000000000a28e800 WatcherThread [stack: 0x000000000c090000,0x000000000c190000] [id=3364]

VM state:not at safepoint (normal execution)

VM Mutex/Monitor currently owned by a thread: None

Heap
 PSYoungGen      total 270336K, used 154844K [0x00000007d5f00000, 0x00000007e7100000, 0x0000000800000000)
  eden space 260096K, 57% used [0x00000007d5f00000,0x00000007df07f170,0x00000007e5d00000)
  from space 10240K, 57% used [0x00000007e6700000,0x00000007e6cb8050,0x00000007e7100000)
  to   space 10240K, 0% used [0x00000007e5d00000,0x00000007e5d00000,0x00000007e6700000)
 ParOldGen       total 86016K, used 10358K [0x0000000781e00000, 0x0000000787200000, 0x00000007d5f00000)
  object space 86016K, 12% used [0x0000000781e00000,0x000000078281d900,0x0000000787200000)
 PSPermGen       total 21504K, used 7467K [0x000000077cc00000, 0x000000077e100000, 0x0000000781e00000)
  object space 21504K, 34% used [0x000000077cc00000,0x000000077d34afd8,0x000000077e100000)

Card table byte_map: [0x0000000005030000,0x0000000005450000] byte_map_base: 0x000000000144a000

Polling page: 0x00000000003d0000

Code Cache  [0x0000000002030000, 0x00000000022a0000, 0x0000000005030000)
 total_blobs=647 nmethods=213 adapters=394 free_code_cache=48185Kb largest_free_block=49319424

Compilation events (10 events):
Event: 2.488 Thread 0x000000000a272000  214 % !         java.lang.ref.Reference$ReferenceHandler::run @ 0 (108 bytes)
Event: 2.492 Thread 0x000000000a272000 nmethod 214% 0x000000000211ee90 code [0x000000000211f020, 0x000000000211f768]
Event: 2.561 Thread 0x000000000a26c800  215             java.lang.String::getChars (62 bytes)
Event: 2.561 Thread 0x000000000a26c800 nmethod 215 0x000000000211fb90 code [0x000000000211fce0, 0x000000000211ff18]
Event: 2.809 Thread 0x000000000a272000  216             java.awt.font.FontRenderContext::equals (127 bytes)
Event: 2.811 Thread 0x000000000a272000 nmethod 216 0x0000000002118dd0 code [0x0000000002118f60, 0x00000000021191e0]
Event: 2.819 Thread 0x000000000a26c800  217             java.nio.Buffer::position (5 bytes)
Event: 2.819 Thread 0x000000000a26c800 nmethod 217 0x00000000021200d0 code [0x0000000002120200, 0x0000000002120258]
Event: 2.936 Thread 0x000000000a272000  218             java.lang.String::startsWith (72 bytes)
Event: 2.938 Thread 0x000000000a272000 nmethod 218 0x000000000211e310 code [0x000000000211e460, 0x000000000211e6d8]

GC Heap History (10 events):
Event: 1.103 GC heap before
{Heap before GC invocations=4 (full 0):
 PSYoungGen      total 37888K, used 37325K [0x00000007d5f00000, 0x00000007da900000, 0x0000000800000000)
  eden space 32768K, 98% used [0x00000007d5f00000,0x00000007d7e77470,0x00000007d7f00000)
  from space 5120K, 99% used [0x00000007d7f00000,0x00000007d83fc050,0x00000007d8400000)
  to   space 5120K, 0% used [0x00000007da400000,0x00000007da400000,0x00000007da900000)
 ParOldGen       total 86016K, used 5242K [0x0000000781e00000, 0x0000000787200000, 0x00000007d5f00000)
  object space 86016K, 6% used [0x0000000781e00000,0x000000078231ebf0,0x0000000787200000)
 PSPermGen       total 21504K, used 7233K [0x000000077cc00000, 0x000000077e100000, 0x0000000781e00000)
  object space 21504K, 33% used [0x000000077cc00000,0x000000077d310688,0x000000077e100000)
Event: 1.106 GC heap after
Heap after GC invocations=4 (full 0):
 PSYoungGen      total 70656K, used 3104K [0x00000007d5f00000, 0x00000007da900000, 0x0000000800000000)
  eden space 65536K, 0% used [0x00000007d5f00000,0x00000007d5f00000,0x00000007d9f00000)
  from space 5120K, 60% used [0x00000007da400000,0x00000007da708020,0x00000007da900000)
  to   space 5120K, 0% used [0x00000007d9f00000,0x00000007d9f00000,0x00000007da400000)
 ParOldGen       total 86016K, used 5242K [0x0000000781e00000, 0x0000000787200000, 0x00000007d5f00000)
  object space 86016K, 6% used [0x0000000781e00000,0x000000078231ebf0,0x0000000787200000)
 PSPermGen       total 21504K, used 7233K [0x000000077cc00000, 0x000000077e100000, 0x0000000781e00000)
  object space 21504K, 33% used [0x000000077cc00000,0x000000077d310688,0x000000077e100000)
}
Event: 1.361 GC heap before
{Heap before GC invocations=5 (full 0):
 PSYoungGen      total 70656K, used 68640K [0x00000007d5f00000, 0x00000007da900000, 0x0000000800000000)
  eden space 65536K, 100% used [0x00000007d5f00000,0x00000007d9f00000,0x00000007d9f00000)
  from space 5120K, 60% used [0x00000007da400000,0x00000007da708020,0x00000007da900000)
  to   space 5120K, 0% used [0x00000007d9f00000,0x00000007d9f00000,0x00000007da400000)
 ParOldGen       total 86016K, used 5242K [0x0000000781e00000, 0x0000000787200000, 0x00000007d5f00000)
  object space 86016K, 6% used [0x0000000781e00000,0x000000078231ebf0,0x0000000787200000)
 PSPermGen       total 21504K, used 7281K [0x000000077cc00000, 0x000000077e100000, 0x0000000781e00000)
  object space 21504K, 33% used [0x000000077cc00000,0x000000077d31c6d8,0x000000077e100000)
Event: 1.364 GC heap after
Heap after GC invocations=5 (full 0):
 PSYoungGen      total 70656K, used 5104K [0x00000007d5f00000, 0x00000007df100000, 0x0000000800000000)
  eden space 65536K, 0% used [0x00000007d5f00000,0x00000007d5f00000,0x00000007d9f00000)
  from space 5120K, 99% used [0x00000007d9f00000,0x00000007da3fc050,0x00000007da400000)
  to   space 9216K, 0% used [0x00000007de800000,0x00000007de800000,0x00000007df100000)
 ParOldGen       total 86016K, used 7539K [0x0000000781e00000, 0x0000000787200000, 0x00000007d5f00000)
  object space 86016K, 8% used [0x0000000781e00000,0x000000078255cc10,0x0000000787200000)
 PSPermGen       total 21504K, used 7281K [0x000000077cc00000, 0x000000077e100000, 0x0000000781e00000)
  object space 21504K, 33% used [0x000000077cc00000,0x000000077d31c6d8,0x000000077e100000)
}
Event: 1.600 GC heap before
{Heap before GC invocations=6 (full 0):
 PSYoungGen      total 70656K, used 70640K [0x00000007d5f00000, 0x00000007df100000, 0x0000000800000000)
  eden space 65536K, 100% used [0x00000007d5f00000,0x00000007d9f00000,0x00000007d9f00000)
  from space 5120K, 99% used [0x00000007d9f00000,0x00000007da3fc050,0x00000007da400000)
  to   space 9216K, 0% used [0x00000007de800000,0x00000007de800000,0x00000007df100000)
 ParOldGen       total 86016K, used 7539K [0x0000000781e00000, 0x0000000787200000, 0x00000007d5f00000)
  object space 86016K, 8% used [0x0000000781e00000,0x000000078255cc10,0x0000000787200000)
 PSPermGen       total 21504K, used 7354K [0x000000077cc00000, 0x000000077e100000, 0x0000000781e00000)
  object space 21504K, 34% used [0x000000077cc00000,0x000000077d32e9d0,0x000000077e100000)
Event: 1.603 GC heap after
Heap after GC invocations=6 (full 0):
 PSYoungGen      total 139264K, used 8288K [0x00000007d5f00000, 0x00000007df300000, 0x0000000800000000)
  eden space 130048K, 0% used [0x00000007d5f00000,0x00000007d5f00000,0x00000007dde00000)
  from space 9216K, 89% used [0x00000007de800000,0x00000007df018070,0x00000007df100000)
  to   space 10240K, 0% used [0x00000007dde00000,0x00000007dde00000,0x00000007de800000)
 ParOldGen       total 86016K, used 7547K [0x0000000781e00000, 0x0000000787200000, 0x00000007d5f00000)
  object space 86016K, 8% used [0x0000000781e00000,0x000000078255ec10,0x0000000787200000)
 PSPermGen       total 21504K, used 7354K [0x000000077cc00000, 0x000000077e100000, 0x0000000781e00000)
  object space 21504K, 34% used [0x000000077cc00000,0x000000077d32e9d0,0x000000077e100000)
}
Event: 2.065 GC heap before
{Heap before GC invocations=7 (full 0):
 PSYoungGen      total 139264K, used 138336K [0x00000007d5f00000, 0x00000007df300000, 0x0000000800000000)
  eden space 130048K, 100% used [0x00000007d5f00000,0x00000007dde00000,0x00000007dde00000)
  from space 9216K, 89% used [0x00000007de800000,0x00000007df018070,0x00000007df100000)
  to   space 10240K, 0% used [0x00000007dde00000,0x00000007dde00000,0x00000007de800000)
 ParOldGen       total 86016K, used 7547K [0x0000000781e00000, 0x0000000787200000, 0x00000007d5f00000)
  object space 86016K, 8% used [0x0000000781e00000,0x000000078255ec10,0x0000000787200000)
 PSPermGen       total 21504K, used 7364K [0x000000077cc00000, 0x000000077e100000, 0x0000000781e00000)
  object space 21504K, 34% used [0x000000077cc00000,0x000000077d331260,0x000000077e100000)
Event: 2.068 GC heap after
Heap after GC invocations=7 (full 0):
 PSYoungGen      total 140288K, used 2816K [0x00000007d5f00000, 0x00000007e7100000, 0x0000000800000000)
  eden space 130048K, 0% used [0x00000007d5f00000,0x00000007d5f00000,0x00000007dde00000)
  from space 10240K, 27% used [0x00000007dde00000,0x00000007de0c0020,0x00000007de800000)
  to   space 10240K, 0% used [0x00000007e6700000,0x00000007e6700000,0x00000007e7100000)
 ParOldGen       total 86016K, used 9262K [0x0000000781e00000, 0x0000000787200000, 0x00000007d5f00000)
  object space 86016K, 10% used [0x0000000781e00000,0x000000078270b8f0,0x0000000787200000)
 PSPermGen       total 21504K, used 7364K [0x000000077cc00000, 0x000000077e100000, 0x0000000781e00000)
  object space 21504K, 34% used [0x000000077cc00000,0x000000077d331260,0x000000077e100000)
}
Event: 2.484 GC heap before
{Heap before GC invocations=8 (full 0):
 PSYoungGen      total 140288K, used 132864K [0x00000007d5f00000, 0x00000007e7100000, 0x0000000800000000)
  eden space 130048K, 100% used [0x00000007d5f00000,0x00000007dde00000,0x00000007dde00000)
  from space 10240K, 27% used [0x00000007dde00000,0x00000007de0c0020,0x00000007de800000)
  to   space 10240K, 0% used [0x00000007e6700000,0x00000007e6700000,0x00000007e7100000)
 ParOldGen       total 86016K, used 9262K [0x0000000781e00000, 0x0000000787200000, 0x00000007d5f00000)
  object space 86016K, 10% used [0x0000000781e00000,0x000000078270b8f0,0x0000000787200000)
 PSPermGen       total 21504K, used 7364K [0x000000077cc00000, 0x000000077e100000, 0x0000000781e00000)
  object space 21504K, 34% used [0x000000077cc00000,0x000000077d3312a0,0x000000077e100000)
Event: 2.487 GC heap after
Heap after GC invocations=8 (full 0):
 PSYoungGen      total 270336K, used 5856K [0x00000007d5f00000, 0x00000007e7100000, 0x0000000800000000)
  eden space 260096K, 0% used [0x00000007d5f00000,0x00000007d5f00000,0x00000007e5d00000)
  from space 10240K, 57% used [0x00000007e6700000,0x00000007e6cb8050,0x00000007e7100000)
  to   space 10240K, 0% used [0x00000007e5d00000,0x00000007e5d00000,0x00000007e6700000)
 ParOldGen       total 86016K, used 10358K [0x0000000781e00000, 0x0000000787200000, 0x00000007d5f00000)
  object space 86016K, 12% used [0x0000000781e00000,0x000000078281d900,0x0000000787200000)
 PSPermGen       total 21504K, used 7364K [0x000000077cc00000, 0x000000077e100000, 0x0000000781e00000)
  object space 21504K, 34% used [0x000000077cc00000,0x000000077d3312a0,0x000000077e100000)
}

Deoptimization events (7 events):
Event: 0.398 Thread 0x0000000001f2d800 Uncommon trap: reason=unreached action=reinterpret pc=0x00000000020aa05c method=java.util.HashMap.put(Ljava/lang/Object;Ljava/lang/Object;)Ljava/lang/Object; @ 7
Event: 0.405 Thread 0x0000000001f2d800 Uncommon trap: reason=class_check action=maybe_recompile pc=0x00000000020a5448 method=java.util.HashMap.addEntry(ILjava/lang/Object;Ljava/lang/Object;I)V @ 65
Event: 0.441 Thread 0x0000000001f2d800 Uncommon trap: reason=class_check action=maybe_recompile pc=0x00000000020a5448 method=java.util.HashMap.addEntry(ILjava/lang/Object;Ljava/lang/Object;I)V @ 65
Event: 0.443 Thread 0x0000000001f2d800 Uncommon trap: reason=null_check action=make_not_entrant pc=0x00000000020a28a8 method=java.lang.String.equals(Ljava/lang/Object;)Z @ 8
Event: 0.449 Thread 0x0000000001f2d800 Uncommon trap: reason=class_check action=maybe_recompile pc=0x00000000020a5448 method=java.util.HashMap.addEntry(ILjava/lang/Object;Ljava/lang/Object;I)V @ 65
Event: 0.449 Thread 0x0000000001f2d800 Uncommon trap: reason=class_check action=maybe_recompile pc=0x00000000020a5448 method=java.util.HashMap.addEntry(ILjava/lang/Object;Ljava/lang/Object;I)V @ 65
Event: 2.070 Thread 0x0000000001f2d800 Uncommon trap: reason=null_check action=make_not_entrant pc=0x00000000020e8ac0 method=sun.java2d.loops.MaskBlit$General.MaskBlit(Lsun/java2d/SurfaceData;Lsun/java2d/SurfaceData;Ljava/awt/Composite;Lsun/java2d/pipe/Region;IIIIII[BII)V @ 131

Internal exceptions (10 events):
Event: 0.558 Thread 0x0000000001f2d800 Threw 0x00000007d69aaf08 at C:\re\jdk7u45\229\hotspot\src\share\vm\prims\jvm.cpp:1244
Event: 0.558 Thread 0x0000000001f2d800 Threw 0x00000007d69b1258 at C:\re\jdk7u45\229\hotspot\src\share\vm\prims\jvm.cpp:1244
Event: 0.558 Thread 0x0000000001f2d800 Threw 0x00000007d69b6520 at C:\re\jdk7u45\229\hotspot\src\share\vm\prims\jvm.cpp:1244
Event: 0.559 Thread 0x0000000001f2d800 Threw 0x00000007d69b91d0 at C:\re\jdk7u45\229\hotspot\src\share\vm\prims\jvm.cpp:1244
Event: 0.694 Thread 0x0000000001f2d800 Threw 0x00000007d7be77b0 at C:\re\jdk7u45\229\hotspot\src\share\vm\prims\jvm.cpp:1244
Event: 1.002 Thread 0x0000000001f2d800 Threw 0x00000007d6b18e58 at C:\re\jdk7u45\229\hotspot\src\share\vm\prims\jvm.cpp:1244
Event: 2.070 Thread 0x0000000001f2d800 Implicit null exception at 0x00000000020e8411 to 0x00000000020e8aa1
Event: 2.936 Thread 0x0000000001f2d800 Threw 0x00000007ded26af8 at C:\re\jdk7u45\229\hotspot\src\share\vm\prims\jvm.cpp:1244
Event: 2.937 Thread 0x0000000001f2d800 Threw 0x00000007ded2a628 at C:\re\jdk7u45\229\hotspot\src\share\vm\prims\jvm.cpp:1244
Event: 2.999 Thread 0x0000000001f2d800 Threw 0x00000007ded3ac48 at C:\re\jdk7u45\229\hotspot\src\share\vm\prims\jvm.cpp:1244

Events (10 events):
Event: 2.484 Executing VM operation: ParallelGCFailedAllocation
Event: 2.487 Executing VM operation: ParallelGCFailedAllocation done
Event: 2.936 loading class 0x000000000a292210
Event: 2.936 loading class 0x000000000a292210 done
Event: 2.937 loading class 0x000000000f839600
Event: 2.937 loading class 0x000000000f839600 done
Event: 2.999 loading class 0x000000000a292360
Event: 2.999 loading class 0x000000000a292360 done
Event: 4.138 Executing VM operation: EnableBiasedLocking
Event: 4.138 Executing VM operation: EnableBiasedLocking done


Dynamic libraries:
0x00007ff7ae6b0000 - 0x00007ff7ae6e3000 	C:\Program Files\Java\jdk1.7.0_45\bin\javaw.exe
0x00007ff8727e0000 - 0x00007ff872989000 	C:\Windows\SYSTEM32\ntdll.dll
0x00007ff871e60000 - 0x00007ff871f9a000 	C:\Windows\system32\KERNEL32.DLL
0x00007ff86ff10000 - 0x00007ff87001f000 	C:\Windows\system32\KERNELBASE.dll
0x00007ff871b60000 - 0x00007ff871c05000 	C:\Windows\system32\ADVAPI32.dll
0x00007ff871fa0000 - 0x00007ff872111000 	C:\Windows\system32\USER32.dll
0x00007ff86d280000 - 0x00007ff86d4da000 	C:\Windows\WinSxS\amd64_microsoft.windows.common-controls_6595b64144ccf1df_6.0.9600.16384_none_62475f7becb72503\COMCTL32.dll
0x00007ff8725f0000 - 0x00007ff872697000 	C:\Windows\system32\msvcrt.dll
0x00007ff871db0000 - 0x00007ff871e07000 	C:\Windows\SYSTEM32\sechost.dll
0x00007ff870070000 - 0x00007ff8701a6000 	C:\Windows\system32\RPCRT4.dll
0x00007ff8723e0000 - 0x00007ff872525000 	C:\Windows\system32\GDI32.dll
0x00007ff871e10000 - 0x00007ff871e44000 	C:\Windows\system32\IMM32.DLL
0x00007ff8726a0000 - 0x00007ff8727d9000 	C:\Windows\system32\MSCTF.dll
0x0000000054a30000 - 0x0000000054b02000 	C:\Program Files\Java\jdk1.7.0_45\jre\bin\msvcr100.dll
0x0000000054260000 - 0x0000000054a29000 	C:\Program Files\Java\jdk1.7.0_45\jre\bin\server\jvm.dll
0x00007ff86b7c0000 - 0x00007ff86b7c9000 	C:\Windows\SYSTEM32\WSOCK32.dll
0x00007ff865540000 - 0x00007ff86555f000 	C:\Windows\SYSTEM32\WINMM.dll
0x00007ff872180000 - 0x00007ff872187000 	C:\Windows\system32\PSAPI.DLL
0x00007ff872120000 - 0x00007ff872178000 	C:\Windows\system32\WS2_32.dll
0x00007ff865500000 - 0x00007ff86552a000 	C:\Windows\SYSTEM32\WINMMBASE.dll
0x00007ff871e50000 - 0x00007ff871e59000 	C:\Windows\system32\NSI.dll
0x00007ff86fec0000 - 0x00007ff86ff0a000 	C:\Windows\SYSTEM32\cfgmgr32.dll
0x00007ff86e9e0000 - 0x00007ff86ea06000 	C:\Windows\SYSTEM32\DEVOBJ.dll
0x0000000054250000 - 0x000000005425f000 	C:\Program Files\Java\jdk1.7.0_45\jre\bin\verify.dll
0x0000000054220000 - 0x0000000054248000 	C:\Program Files\Java\jdk1.7.0_45\jre\bin\java.dll
0x00000000541e0000 - 0x0000000054215000 	C:\Program Files\Java\jdk1.7.0_45\jre\bin\jdwp.dll
0x00000000541d0000 - 0x00000000541d8000 	C:\Program Files\Java\jdk1.7.0_45\jre\bin\npt.dll
0x00000000541b0000 - 0x00000000541c5000 	C:\Program Files\Java\jdk1.7.0_45\jre\bin\zip.dll
0x00000000541a0000 - 0x00000000541a9000 	C:\Program Files\Java\jdk1.7.0_45\jre\bin\dt_socket.dll
0x00007ff867e40000 - 0x00007ff867e54000 	C:\Windows\system32\napinsp.dll
0x00007ff867e60000 - 0x00007ff867e79000 	C:\Windows\system32\pnrpnsp.dll
0x00007ff86d680000 - 0x00007ff86d699000 	C:\Windows\system32\NLAapi.dll
0x00007ff86f420000 - 0x00007ff86f478000 	C:\Windows\System32\mswsock.dll
0x00007ff86f230000 - 0x00007ff86f2d3000 	C:\Windows\SYSTEM32\DNSAPI.dll
0x00007ff867f80000 - 0x00007ff867f8c000 	C:\Windows\System32\winrnr.dll
0x00007ff86adb0000 - 0x00007ff86ae17000 	C:\Windows\System32\fwpuclnt.dll
0x00007ff868a20000 - 0x00007ff868a29000 	C:\Windows\System32\rasadhlp.dll
0x0000000180000000 - 0x0000000180050000 	C:\Users\GeMo\git\JGame\lib\natives-windows\lwjgl64.dll
0x00007ff865c40000 - 0x00007ff865d61000 	C:\Windows\SYSTEM32\OPENGL32.dll
0x00007ff86cfc0000 - 0x00007ff86cfca000 	C:\Windows\SYSTEM32\VERSION.dll
0x00007ff86b770000 - 0x00007ff86b79c000 	C:\Windows\SYSTEM32\GLU32.dll
0x00007ff865ac0000 - 0x00007ff865bb4000 	C:\Windows\SYSTEM32\DDRAW.dll
0x00007ff86b7d0000 - 0x00007ff86b7d9000 	C:\Windows\SYSTEM32\DCIMAN32.dll
0x00007ff86e860000 - 0x00007ff86e982000 	C:\Windows\system32\uxtheme.dll
0x00007ff871980000 - 0x00007ff871b57000 	C:\Windows\SYSTEM32\combase.dll
0x00007ff86b0d0000 - 0x00007ff86b1be000 	C:\Program Files (x86)\Start8\Start8_64.dll
0x00007ff86bec0000 - 0x00007ff86c024000 	C:\Windows\SYSTEM32\PROPSYS.dll
0x00007ff872190000 - 0x00007ff872247000 	C:\Windows\system32\OLEAUT32.dll
0x00007ff86de10000 - 0x00007ff86de31000 	C:\Windows\system32\dwmapi.dll
0x00007ff867f40000 - 0x00007ff867f58000 	C:\Windows\SYSTEM32\atig6pxx.dll
0x00000000527f0000 - 0x0000000054191000 	C:\Windows\SYSTEM32\atio6axx.dll
0x00007ff8717a0000 - 0x00007ff871976000 	C:\Windows\system32\SETUPAPI.dll
0x00007ff86c030000 - 0x00007ff86c158000 	C:\Windows\SYSTEM32\atiadlxx.dll
0x00007ff870390000 - 0x00007ff87179e000 	C:\Windows\system32\SHELL32.dll
0x00007ff870210000 - 0x00007ff870385000 	C:\Windows\system32\ole32.dll
0x00007ff86f1d0000 - 0x00007ff86f1ef000 	C:\Windows\SYSTEM32\USERENV.dll
0x00007ff86e800000 - 0x00007ff86e811000 	C:\Windows\SYSTEM32\WTSAPI32.dll
0x00007ff86be90000 - 0x00007ff86beb9000 	C:\Windows\SYSTEM32\IPHLPAPI.DLL
0x00007ff872380000 - 0x00007ff8723d1000 	C:\Windows\system32\SHLWAPI.dll
0x00007ff86fb60000 - 0x00007ff86fb74000 	C:\Windows\SYSTEM32\profapi.dll
0x00007ff86be50000 - 0x00007ff86be5a000 	C:\Windows\SYSTEM32\WINNSI.DLL
0x00007ff870020000 - 0x00007ff87006e000 	C:\Windows\system32\WINTRUST.dll
0x00007ff86fc30000 - 0x00007ff86fe07000 	C:\Windows\system32\CRYPT32.dll
0x00007ff86fc10000 - 0x00007ff86fc22000 	C:\Windows\system32\MSASN1.dll
0x00007ff86cff0000 - 0x00007ff86d134000 	C:\Windows\SYSTEM32\aticfx64.dll
0x00007ff86dff0000 - 0x00007ff86e091000 	C:\Windows\SYSTEM32\SHCORE.dll
0x00007ff866d00000 - 0x00007ff866d1e000 	C:\Windows\SYSTEM32\atig6txx.dll
0x00007ff86ea30000 - 0x00007ff86ea3a000 	C:\Windows\SYSTEM32\kernel.appcore.dll
0x00007ff86faa0000 - 0x00007ff86faaa000 	C:\Windows\SYSTEM32\CRYPTBASE.dll
0x00007ff86fa40000 - 0x00007ff86fa9e000 	C:\Windows\SYSTEM32\bcryptPrimitives.dll
0x00007ff85e740000 - 0x00007ff85e7cd000 	C:\Windows\SYSTEM32\mscms.dll
0x00007ff866cb0000 - 0x00007ff866cf1000 	C:\Windows\SYSTEM32\icm32.dll
0x0000000052650000 - 0x00000000527e5000 	C:\Program Files\Java\jdk1.7.0_45\jre\bin\awt.dll
0x00007ff86e770000 - 0x00007ff86e7fb000 	C:\Windows\system32\apphelp.dll
0x0000000052600000 - 0x0000000052646000 	C:\Program Files\Java\jdk1.7.0_45\jre\bin\fontmanager.dll
0x00007ff853680000 - 0x00007ff85388a000 	C:\Windows\system32\d3d9.dll
0x00007ff853660000 - 0x00007ff853680000 	C:\Windows\SYSTEM32\atiu9p64.dll
0x00007ff852ef0000 - 0x00007ff853651000 	C:\Windows\SYSTEM32\atiumd64.dll
0x0000000055490000 - 0x0000000055d1d000 	C:\Windows\SYSTEM32\atiumd6a.dll
0x00000000525e0000 - 0x00000000525f9000 	C:\Program Files\Java\jdk1.7.0_45\jre\bin\net.dll
0x00000000525c0000 - 0x00000000525d1000 	C:\Program Files\Java\jdk1.7.0_45\jre\bin\nio.dll
0x0000000052570000 - 0x00000000525b1000 	C:\Program Files\Java\jdk1.7.0_45\jre\bin\t2k.dll
0x00007ff85f360000 - 0x00007ff85f4e8000 	C:\Windows\SYSTEM32\dbghelp.dll

VM Arguments:
jvm_args: -agentlib:jdwp=transport=dt_socket,suspend=y,address=localhost:50895 -Djava.library.path=C:\Users\GeMo\git\JGame\lib\natives-windows;C:\Users\GeMo\git\JGame\lib\natives-windows -Dfile.encoding=Cp1252 
java_command: de.gemo.gameengine.core.StartUp
Launcher Type: SUN_STANDARD

Environment Variables:
PATH=C:\Program Files\Java\jdk1.7.0_45\jre\bin;C:\Program Files (x86)\NVIDIA Corporation\PhysX\Common;C:\Program Files (x86)\Intel\iCLS Client\;C:\Program Files\Intel\iCLS Client\;C:\Windows\system32;C:\Windows;C:\Windows\System32\Wbem;C:\Windows\System32\WindowsPowerShell\v1.0\;C:\Program Files\Intel\Intel(R) Management Engine Components\DAL;C:\Program Files\Intel\Intel(R) Management Engine Components\IPT;C:\Program Files (x86)\Intel\Intel(R) Management Engine Components\DAL;C:\Program Files (x86)\Intel\Intel(R) Management Engine Components\IPT;C:\Program Files (x86)\Intel\OpenCL SDK\3.0\bin\x86;C:\Program Files (x86)\Intel\OpenCL SDK\3.0\bin\x64;C:\Program Files (x86)\ATI\ATI.ACE\Core-Static;C:\Program Files\Common Files\Autodesk Shared\;C:\Program Files (x86)\Autodesk\Backburner\
USERNAME=GeMo
OS=Windows_NT
PROCESSOR_IDENTIFIER=Intel64 Family 6 Model 60 Stepping 3, GenuineIntel



---------------  S Y S T E M  ---------------

OS: Windows 8 , 64 bit Build 9200 

CPU:total 4 (4 cores per cpu, 1 threads per core) family 6 model 60 stepping 3, cmov, cx8, fxsr, mmx, sse, sse2, sse3, ssse3, sse4.1, sse4.2, popcnt, avx, avx2, aes, erms, tsc, tscinvbit

Memory: 4k page, physical 8264720k(5556136k free), swap 16653328k(13317136k free)

vm_info: Java HotSpot(TM) 64-Bit Server VM (24.45-b08) for windows-amd64 JRE (1.7.0_45-b18), built on Oct  8 2013 05:47:22 by "java_re" with unknown MS VC++:1600

time: Mon Jun 16 16:55:22 2014
elapsed time: 6 seconds

